<?xml version="1.0" encoding="UTF-8" standalone="no"?>
<testsuite errors="0" failures="0" name="io.cucumber.core.plugin.JUnitFormatter" skipped="0" tests="3" time="35.386">
<testcase classname="Login Application" name="_2" time="13.425">
<system-out><![CDATA[Given Should be in login page...............................................passed
When Enter valid user name "admin"..........................................passed
And Enter valid password "admin123".........................................passed
And click submit............................................................passed
Then Login should be "Welcome Paul".........................................passed
]]></system-out>
</testcase>
<testcase classname="Login Application" name="_3" time="11.404">
<system-out><![CDATA[Given Should be in login page...............................................passed
When Enter valid user name "admin"..........................................passed
And Enter valid password "admin123".........................................passed
And click submit............................................................passed
Then Login should be "Welcome Paul".........................................passed
]]></system-out>
</testcase>
<testcase classname="Login Application" name="To test login application with invalid credentials" time="10.047">
<system-out><![CDATA[Given Should be in login page...............................................passed
When Enter invalid user name "jawahar"......................................passed
And Enter invalid password "admin123".......................................passed
And click submit............................................................passed
Then Login should see the invalid credentials "Invalid credentials".........passed
]]></system-out>
</testcase>
</testsuite>
